<?xml version="1.0" encoding="UTF-8"?>
<!-- Generated by org.testng.reporters.JUnitReportReporter -->
<testsuite hostname="SHIVAM-PC" name="org.security.crypt.AppTest" tests="1" failures="0" timestamp="1 Sep 2014 16:49:27 GMT" time="0.003" errors="0">
  <testcase name="testApp" time="0.003" classname="org.security.crypt.AppTest"/>
</testsuite> <!-- org.security.crypt.AppTest -->
