<?xml version="1.0" encoding="UTF-8"?>
<!-- Generated by org.testng.reporters.JUnitReportReporter -->
<testsuite hostname="SHIVAM-PC" name="org.security.crypt.x509.RDNSequenceIteratorTest" tests="1" failures="0" timestamp="1 Sep 2014 16:49:27 GMT" time="0.002" errors="0">
  <testcase name="testIterator" time="0.002" classname="org.security.crypt.x509.RDNSequenceIteratorTest"/>
</testsuite> <!-- org.security.crypt.x509.RDNSequenceIteratorTest -->
