<?xml version="1.0" encoding="UTF-8"?>
<!-- Generated by org.testng.reporters.JUnitReportReporter -->
<testsuite hostname="SHIVAM-PC" name="org.security.crypt.digest.DigestCliTest" tests="17" failures="0" timestamp="1 Sep 2014 16:49:27 GMT" time="0.017" errors="0">
  <testcase name="testDigestCli" time="0.001" classname="org.security.crypt.digest.DigestCliTest"/>
  <testcase name="testDigestCli" time="0.001" classname="org.security.crypt.digest.DigestCliTest"/>
  <testcase name="testDigestCli" time="0.001" classname="org.security.crypt.digest.DigestCliTest"/>
  <testcase name="testDigestCli" time="0.001" classname="org.security.crypt.digest.DigestCliTest"/>
  <testcase name="testDigestCli" time="0.001" classname="org.security.crypt.digest.DigestCliTest"/>
  <testcase name="testDigestCli" time="0.000" classname="org.security.crypt.digest.DigestCliTest"/>
  <testcase name="testDigestCli" time="0.000" classname="org.security.crypt.digest.DigestCliTest"/>
  <testcase name="testDigestCli" time="0.001" classname="org.security.crypt.digest.DigestCliTest"/>
  <testcase name="testDigestCli" time="0.002" classname="org.security.crypt.digest.DigestCliTest"/>
  <testcase name="testDigestCli" time="0.000" classname="org.security.crypt.digest.DigestCliTest"/>
  <testcase name="testDigestCli" time="0.001" classname="org.security.crypt.digest.DigestCliTest"/>
  <testcase name="testDigestCli" time="0.001" classname="org.security.crypt.digest.DigestCliTest"/>
  <testcase name="testDigestCli" time="0.001" classname="org.security.crypt.digest.DigestCliTest"/>
  <testcase name="testDigestCli" time="0.001" classname="org.security.crypt.digest.DigestCliTest"/>
  <testcase name="testDigestCli" time="0.001" classname="org.security.crypt.digest.DigestCliTest"/>
  <testcase name="testDigestCli" time="0.003" classname="org.security.crypt.digest.DigestCliTest"/>
  <testcase name="testDigestCli" time="0.001" classname="org.security.crypt.digest.DigestCliTest"/>
</testsuite> <!-- org.security.crypt.digest.DigestCliTest -->
