<?xml version="1.0" encoding="UTF-8"?>
<!-- Generated by org.testng.reporters.JUnitReportReporter -->
<testsuite hostname="SHIVAM-PC" name="org.security.crypt.x509.X509UtilsTest" tests="4" failures="0" timestamp="1 Sep 2014 16:49:27 GMT" time="0.140" errors="0">
  <testcase name="testFindEntityCertificate" time="0.066" classname="org.security.crypt.x509.X509UtilsTest"/>
  <testcase name="testGetSubjectNames" time="0.002" classname="org.security.crypt.x509.X509UtilsTest"/>
  <testcase name="testGetSubjectNames" time="0.001" classname="org.security.crypt.x509.X509UtilsTest"/>
  <testcase name="testFindEntityCertificate" time="0.071" classname="org.security.crypt.x509.X509UtilsTest"/>
</testsuite> <!-- org.security.crypt.x509.X509UtilsTest -->
