<?xml version="1.0" encoding="UTF-8"?>
<!-- Generated by org.testng.reporters.JUnitReportReporter -->
<testsuite hostname="SHIVAM-PC" name="org.security.crypt.digest.DigestAlgorithmTest" tests="37" failures="1" timestamp="1 Sep 2014 16:49:27 GMT" time="0.197" errors="0">
  <testcase name="testDigest" time="0.001" classname="org.security.crypt.digest.DigestAlgorithmTest"/>
  <testcase name="testDigest" time="0.001" classname="org.security.crypt.digest.DigestAlgorithmTest"/>
  <testcase name="testDigest" time="0.002" classname="org.security.crypt.digest.DigestAlgorithmTest"/>
  <testcase name="testDigestStream" time="0.073" classname="org.security.crypt.digest.DigestAlgorithmTest"/>
  <testcase name="testDigest" time="0.000" classname="org.security.crypt.digest.DigestAlgorithmTest"/>
  <testcase name="testDigest" time="0.002" classname="org.security.crypt.digest.DigestAlgorithmTest"/>
  <testcase name="testDigest" time="0.000" classname="org.security.crypt.digest.DigestAlgorithmTest"/>
  <testcase name="testDigest" time="0.000" classname="org.security.crypt.digest.DigestAlgorithmTest"/>
  <testcase name="testDigest" time="0.001" classname="org.security.crypt.digest.DigestAlgorithmTest"/>
  <testcase name="testDigest" time="0.001" classname="org.security.crypt.digest.DigestAlgorithmTest"/>
  <testcase name="testDigestStream" time="0.062" classname="org.security.crypt.digest.DigestAlgorithmTest"/>
  <testcase name="testDigestConvert" time="0.000" classname="org.security.crypt.digest.DigestAlgorithmTest"/>
  <testcase name="testHashCalculationAgainstReference" time="0.001" classname="org.security.crypt.digest.DigestAlgorithmTest"/>
  <testcase name="testDigest" time="0.000" classname="org.security.crypt.digest.DigestAlgorithmTest"/>
  <testcase name="testDigest" time="0.001" classname="org.security.crypt.digest.DigestAlgorithmTest"/>
  <testcase name="testDigestConvert" time="0.001" classname="org.security.crypt.digest.DigestAlgorithmTest"/>
  <testcase name="testDigest" time="0.001" classname="org.security.crypt.digest.DigestAlgorithmTest"/>
  <testcase name="testDigest" time="0.001" classname="org.security.crypt.digest.DigestAlgorithmTest"/>
  <testcase name="testDigest" time="0.001" classname="org.security.crypt.digest.DigestAlgorithmTest"/>
  <testcase name="testDigest" time="0.001" classname="org.security.crypt.digest.DigestAlgorithmTest"/>
  <testcase name="testDigest" time="0.000" classname="org.security.crypt.digest.DigestAlgorithmTest"/>
  <testcase name="testHashCalculationAgainstReference" time="0.001" classname="org.security.crypt.digest.DigestAlgorithmTest"/>
  <testcase name="testDigest" time="0.001" classname="org.security.crypt.digest.DigestAlgorithmTest"/>
  <testcase name="testDigest" time="0.000" classname="org.security.crypt.digest.DigestAlgorithmTest"/>
  <testcase name="testDigestConvert" time="0.001" classname="org.security.crypt.digest.DigestAlgorithmTest"/>
  <testcase name="testDigest" time="0.001" classname="org.security.crypt.digest.DigestAlgorithmTest"/>
  <testcase name="testClone" time="0.000" classname="org.security.crypt.digest.DigestAlgorithmTest">
    <failure type="java.lang.RuntimeException" message="java.lang.IllegalStateException: No random provider available.">
      <![CDATA[java.lang.RuntimeException: java.lang.IllegalStateException: No random provider available.
	at org.testng.internal.MethodInvocationHelper.invokeDataProvider(MethodInvocationHelper.java:161)
	at org.testng.internal.Parameters.handleParameters(Parameters.java:429)
	at org.testng.internal.Invoker.handleParameters(Invoker.java:1383)
	at org.testng.internal.Invoker.createParameters(Invoker.java:1075)
	at org.testng.internal.Invoker.invokeTestMethods(Invoker.java:1180)
	at org.testng.internal.TestMethodWorker.invokeTestMethods(TestMethodWorker.java:127)
	at org.testng.internal.TestMethodWorker.run(TestMethodWorker.java:111)
	at org.testng.TestRunner.privateRun(TestRunner.java:767)
	at org.testng.TestRunner.run(TestRunner.java:617)
	at org.testng.SuiteRunner.runTest(SuiteRunner.java:334)
	at org.testng.SuiteRunner.runSequentially(SuiteRunner.java:329)
	at org.testng.SuiteRunner.privateRun(SuiteRunner.java:291)
	at org.testng.SuiteRunner.run(SuiteRunner.java:240)
	at org.testng.SuiteRunnerWorker.runSuite(SuiteRunnerWorker.java:52)
	at org.testng.SuiteRunnerWorker.run(SuiteRunnerWorker.java:86)
	at org.testng.TestNG.runSuitesSequentially(TestNG.java:1224)
	at org.testng.TestNG.runSuitesLocally(TestNG.java:1149)
	at org.testng.TestNG.run(TestNG.java:1057)
	at org.apache.maven.surefire.testng.TestNGExecutor.run(TestNGExecutor.java:77)
	at org.apache.maven.surefire.testng.TestNGDirectoryTestSuite.executeMulti(TestNGDirectoryTestSuite.java:159)
	at org.apache.maven.surefire.testng.TestNGDirectoryTestSuite.execute(TestNGDirectoryTestSuite.java:99)
	at org.apache.maven.surefire.testng.TestNGProvider.invoke(TestNGProvider.java:106)
	at sun.reflect.NativeMethodAccessorImpl.invoke0(Native Method)
	at sun.reflect.NativeMethodAccessorImpl.invoke(NativeMethodAccessorImpl.java:62)
	at sun.reflect.DelegatingMethodAccessorImpl.invoke(DelegatingMethodAccessorImpl.java:43)
	at java.lang.reflect.Method.invoke(Method.java:483)
	at org.apache.maven.surefire.util.ReflectionUtils.invokeMethodWithArray(ReflectionUtils.java:189)
	at org.apache.maven.surefire.booter.ProviderFactory$ProviderProxy.invoke(ProviderFactory.java:165)
	at org.apache.maven.surefire.booter.ProviderFactory.invokeProvider(ProviderFactory.java:85)
	at org.apache.maven.surefire.booter.ForkedBooter.runSuitesInProcess(ForkedBooter.java:115)
	at org.apache.maven.surefire.booter.ForkedBooter.main(ForkedBooter.java:75)
Caused by: java.lang.IllegalStateException: No random provider available.
	at org.security.crypt.AbstractAlgorithm.getRandomData(AbstractAlgorithm.java:48)
	at org.security.crypt.digest.DigestAlgorithm.getRandomSalt(DigestAlgorithm.java:118)
	at org.security.crypt.digest.DigestAlgorithmTest.createTestDataForClone(DigestAlgorithmTest.java:133)
	at sun.reflect.NativeMethodAccessorImpl.invoke0(Native Method)
	at sun.reflect.NativeMethodAccessorImpl.invoke(NativeMethodAccessorImpl.java:62)
	at sun.reflect.DelegatingMethodAccessorImpl.invoke(DelegatingMethodAccessorImpl.java:43)
	at java.lang.reflect.Method.invoke(Method.java:483)
	at org.testng.internal.MethodInvocationHelper.invokeMethod(MethodInvocationHelper.java:84)
	at org.testng.internal.MethodInvocationHelper.invokeDataProvider(MethodInvocationHelper.java:135)
	... 30 more
]]>
    </failure>
  </testcase> <!-- testClone -->
  <testcase name="testDigest" time="0.003" classname="org.security.crypt.digest.DigestAlgorithmTest"/>
  <testcase name="testDigest" time="0.001" classname="org.security.crypt.digest.DigestAlgorithmTest"/>
  <testcase name="testDigestConvert" time="0.001" classname="org.security.crypt.digest.DigestAlgorithmTest"/>
  <testcase name="testDigest" time="0.002" classname="org.security.crypt.digest.DigestAlgorithmTest"/>
  <testcase name="testDigest" time="0.001" classname="org.security.crypt.digest.DigestAlgorithmTest"/>
  <testcase name="testDigest" time="0.000" classname="org.security.crypt.digest.DigestAlgorithmTest"/>
  <testcase name="testDigestStream" time="0.016" classname="org.security.crypt.digest.DigestAlgorithmTest"/>
  <testcase name="testDigest" time="0.001" classname="org.security.crypt.digest.DigestAlgorithmTest"/>
  <testcase name="testDigest" time="0.001" classname="org.security.crypt.digest.DigestAlgorithmTest"/>
  <testcase name="testDigestStream" time="0.017" classname="org.security.crypt.digest.DigestAlgorithmTest"/>
</testsuite> <!-- org.security.crypt.digest.DigestAlgorithmTest -->
