<?xml version="1.0" encoding="UTF-8"?>
<!-- Generated by org.testng.reporters.JUnitReportReporter -->
<testsuite hostname="SHIVAM-PC" name="org.security.crypt.asymmetric.AsymmetricAlgorithmTest" tests="3" failures="0" timestamp="1 Sep 2014 16:49:27 GMT" time="0.068" errors="0">
  <testcase name="testClone" time="0.025" classname="org.security.crypt.asymmetric.AsymmetricAlgorithmTest"/>
  <testcase name="testAsymmetricAlgorithm" time="0.022" classname="org.security.crypt.asymmetric.AsymmetricAlgorithmTest"/>
  <testcase name="testAsymmetricAlgorithm" time="0.021" classname="org.security.crypt.asymmetric.AsymmetricAlgorithmTest"/>
</testsuite> <!-- org.security.crypt.asymmetric.AsymmetricAlgorithmTest -->
