<?xml version="1.0" encoding="UTF-8"?>
<!-- Generated by org.testng.reporters.JUnitReportReporter -->
<testsuite hostname="SHIVAM-PC" name="org.security.crypt.io.HexFilterOutputStreamTest" tests="1" failures="0" timestamp="1 Sep 2014 16:49:27 GMT" time="0.070" errors="0">
  <testcase name="testEncodeHex" time="0.070" classname="org.security.crypt.io.HexFilterOutputStreamTest"/>
</testsuite> <!-- org.security.crypt.io.HexFilterOutputStreamTest -->
