<?xml version="1.0" encoding="UTF-8"?>
<!-- Generated by org.testng.reporters.JUnitReportReporter -->
<testsuite hostname="SHIVAM-PC" name="org.security.crypt.x509.ExtensionReaderTest" tests="3" failures="0" timestamp="1 Sep 2014 16:49:27 GMT" time="0.026" errors="0">
  <testcase name="testReadAll" time="0.001" classname="org.security.crypt.x509.ExtensionReaderTest"/>
  <testcase name="testReadAll" time="0.013" classname="org.security.crypt.x509.ExtensionReaderTest"/>
  <testcase name="testReadAll" time="0.012" classname="org.security.crypt.x509.ExtensionReaderTest"/>
</testsuite> <!-- org.security.crypt.x509.ExtensionReaderTest -->
