<?xml version="1.0" encoding="UTF-8"?>
<!-- Generated by org.testng.reporters.JUnitReportReporter -->
<testsuite hostname="SHIVAM-PC" name="org.security.crypt.asymmetric.PublicKeyUtilsTest" tests="7" failures="0" timestamp="1 Sep 2014 16:49:27 GMT" time="0.051" errors="0">
  <testcase name="testIsKeyPair" time="0.005" classname="org.security.crypt.asymmetric.PublicKeyUtilsTest"/>
  <testcase name="testLength" time="0.001" classname="org.security.crypt.asymmetric.PublicKeyUtilsTest"/>
  <testcase name="testIsKeyPair" time="0.036" classname="org.security.crypt.asymmetric.PublicKeyUtilsTest"/>
  <testcase name="testIsKeyPair" time="0.000" classname="org.security.crypt.asymmetric.PublicKeyUtilsTest"/>
  <testcase name="testLength" time="0.000" classname="org.security.crypt.asymmetric.PublicKeyUtilsTest"/>
  <testcase name="testLength" time="0.000" classname="org.security.crypt.asymmetric.PublicKeyUtilsTest"/>
  <testcase name="testIsKeyPair" time="0.009" classname="org.security.crypt.asymmetric.PublicKeyUtilsTest"/>
</testsuite> <!-- org.security.crypt.asymmetric.PublicKeyUtilsTest -->
