<?xml version="1.0" encoding="UTF-8"?>
<!-- Generated by org.testng.reporters.JUnitReportReporter -->
<testsuite hostname="SHIVAM-PC" name="org.security.crypt.x509.DNUtilsTest" tests="6" failures="0" timestamp="1 Sep 2014 16:49:27 GMT" time="0.047" errors="0">
  <testcase name="testGetAttributeValue" time="0.010" classname="org.security.crypt.x509.DNUtilsTest"/>
  <testcase name="testGetAttributeValue" time="0.002" classname="org.security.crypt.x509.DNUtilsTest"/>
  <testcase name="testGetAttributeValues" time="0.003" classname="org.security.crypt.x509.DNUtilsTest"/>
  <testcase name="testGetAttributeValue" time="0.026" classname="org.security.crypt.x509.DNUtilsTest"/>
  <testcase name="testGetAttributeValues" time="0.003" classname="org.security.crypt.x509.DNUtilsTest"/>
  <testcase name="testGetAttributeValues" time="0.003" classname="org.security.crypt.x509.DNUtilsTest"/>
</testsuite> <!-- org.security.crypt.x509.DNUtilsTest -->
