<?xml version="1.0" encoding="UTF-8"?>
<!-- Generated by org.testng.reporters.JUnitReportReporter -->
<testsuite hostname="SHIVAM-PC" name="org.security.crypt.io.Base64FilterInputStreamTest" tests="3" failures="0" timestamp="1 Sep 2014 16:49:27 GMT" time="0.236" errors="0">
  <testcase name="testDecodeBase64" time="0.037" classname="org.security.crypt.io.Base64FilterInputStreamTest"/>
  <testcase name="testDecodeBase64" time="0.061" classname="org.security.crypt.io.Base64FilterInputStreamTest"/>
  <testcase name="testDecodeBase64" time="0.138" classname="org.security.crypt.io.Base64FilterInputStreamTest"/>
</testsuite> <!-- org.security.crypt.io.Base64FilterInputStreamTest -->
