<?xml version="1.0" encoding="UTF-8"?>
<!-- Generated by org.testng.reporters.JUnitReportReporter -->
<testsuite hostname="SHIVAM-PC" name="org.security.crypt.io.Base64FilterOutputStreamTest" tests="3" failures="0" timestamp="1 Sep 2014 16:49:27 GMT" time="0.194" errors="0">
  <testcase name="testEncodeBase64" time="0.070" classname="org.security.crypt.io.Base64FilterOutputStreamTest"/>
  <testcase name="testEncodeBase64" time="0.094" classname="org.security.crypt.io.Base64FilterOutputStreamTest"/>
  <testcase name="testEncodeBase64" time="0.030" classname="org.security.crypt.io.Base64FilterOutputStreamTest"/>
</testsuite> <!-- org.security.crypt.io.Base64FilterOutputStreamTest -->
