<?xml version="1.0" encoding="UTF-8"?>
<!-- Generated by org.testng.reporters.JUnitReportReporter -->
<testsuite hostname="SHIVAM-PC" name="org.security.crypt.asymmetric.AsymmetricCliTest" tests="3" failures="0" timestamp="1 Sep 2014 16:49:27 GMT" time="3.779" errors="0">
  <testcase name="testAsymmetricCli" time="0.266" classname="org.security.crypt.asymmetric.AsymmetricCliTest"/>
  <testcase name="testAsymmetricCli" time="0.988" classname="org.security.crypt.asymmetric.AsymmetricCliTest"/>
  <testcase name="testAsymmetricCli" time="2.525" classname="org.security.crypt.asymmetric.AsymmetricCliTest"/>
</testsuite> <!-- org.security.crypt.asymmetric.AsymmetricCliTest -->
