<?xml version="1.0" encoding="UTF-8"?>
<!-- Generated by org.testng.reporters.JUnitReportReporter -->
<testsuite hostname="SHIVAM-PC" name="org.security.crypt.x509.LDAPv3DNFormatterTest" tests="2" failures="0" timestamp="1 Sep 2014 16:49:27 GMT" time="0.009" errors="0">
  <testcase name="testFormat" time="0.003" classname="org.security.crypt.x509.LDAPv3DNFormatterTest"/>
  <testcase name="testFormat" time="0.006" classname="org.security.crypt.x509.LDAPv3DNFormatterTest"/>
</testsuite> <!-- org.security.crypt.x509.LDAPv3DNFormatterTest -->
