<?xml version="1.0" encoding="UTF-8" ?>
<testsuite tests="131" failures="0" name="TestSuite" time="6.284" errors="0" skipped="2">
  <properties>
    <property name="java.runtime.name" value="Java(TM) SE Runtime Environment"/>
    <property name="sun.boot.library.path" value="/usr/local/java/jdk1.8.0_11/jre/lib/amd64"/>
    <property name="java.vm.version" value="25.11-b03"/>
    <property name="java.vm.vendor" value="Oracle Corporation"/>
    <property name="java.vendor.url" value="http://java.oracle.com/"/>
    <property name="path.separator" value=":"/>
    <property name="guice.disable.misplaced.annotation.check" value="true"/>
    <property name="java.vm.name" value="Java HotSpot(TM) 64-Bit Server VM"/>
    <property name="file.encoding.pkg" value="sun.io"/>
    <property name="user.country" value="IN"/>
    <property name="sun.java.launcher" value="SUN_STANDARD"/>
    <property name="sun.os.patch.level" value="unknown"/>
    <property name="java.vm.specification.name" value="Java Virtual Machine Specification"/>
    <property name="user.dir" value="/home/shivam/git/Java Security/crypt"/>
    <property name="java.runtime.version" value="1.8.0_11-b12"/>
    <property name="java.awt.graphicsenv" value="sun.awt.X11GraphicsEnvironment"/>
    <property name="java.endorsed.dirs" value="/usr/local/java/jdk1.8.0_11/jre/lib/endorsed"/>
    <property name="os.arch" value="amd64"/>
    <property name="java.io.tmpdir" value="/tmp"/>
    <property name="line.separator" value="
"/>
    <property name="java.vm.specification.vendor" value="Oracle Corporation"/>
    <property name="os.name" value="Linux"/>
    <property name="classworlds.conf" value="/home/shivam/Documents/Workspace_For_MIS/.metadata/.plugins/org.eclipse.m2e.launching/launches/m2conf6311561310245599846.tmp"/>
    <property name="sun.jnu.encoding" value="UTF-8"/>
    <property name="java.library.path" value="/usr/java/packages/lib/amd64:/usr/lib64:/lib64:/lib:/usr/lib"/>
    <property name="java.specification.name" value="Java Platform API Specification"/>
    <property name="java.class.version" value="52.0"/>
    <property name="sun.management.compiler" value="HotSpot 64-Bit Tiered Compilers"/>
    <property name="os.version" value="3.13.0-32-generic"/>
    <property name="user.home" value="/home/shivam"/>
    <property name="user.timezone" value="Asia/Kolkata"/>
    <property name="java.awt.printerjob" value="sun.print.PSPrinterJob"/>
    <property name="file.encoding" value="UTF-8"/>
    <property name="java.specification.version" value="1.8"/>
    <property name="user.name" value="shivam"/>
    <property name="java.class.path" value="/home/shivam/Documents/Softwares/sts-bundle/sts-3.6.0.RELEASE/plugins/org.eclipse.m2e.maven.runtime_1.5.0.20140605-2032/jars/plexus-classworlds-2.5.1.jar"/>
    <property name="org.slf4j.simpleLogger.defaultLogLevel" value="info"/>
    <property name="java.vm.specification.version" value="1.8"/>
    <property name="sun.arch.data.model" value="64"/>
    <property name="java.home" value="/usr/local/java/jdk1.8.0_11/jre"/>
    <property name="sun.java.command" value="org.codehaus.plexus.classworlds.launcher.Launcher -B install"/>
    <property name="java.specification.vendor" value="Oracle Corporation"/>
    <property name="user.language" value="en"/>
    <property name="awt.toolkit" value="sun.awt.X11.XToolkit"/>
    <property name="java.vm.info" value="mixed mode"/>
    <property name="java.version" value="1.8.0_11"/>
    <property name="java.ext.dirs" value="/usr/local/java/jdk1.8.0_11/jre/lib/ext:/usr/java/packages/lib/ext"/>
    <property name="securerandom.source" value="file:/dev/./urandom"/>
    <property name="sun.boot.class.path" value="/usr/local/java/jdk1.8.0_11/jre/lib/resources.jar:/usr/local/java/jdk1.8.0_11/jre/lib/rt.jar:/usr/local/java/jdk1.8.0_11/jre/lib/sunrsasign.jar:/usr/local/java/jdk1.8.0_11/jre/lib/jsse.jar:/usr/local/java/jdk1.8.0_11/jre/lib/jce.jar:/usr/local/java/jdk1.8.0_11/jre/lib/charsets.jar:/usr/local/java/jdk1.8.0_11/jre/lib/jfr.jar:/usr/local/java/jdk1.8.0_11/jre/classes"/>
    <property name="java.vendor" value="Oracle Corporation"/>
    <property name="maven.home" value="/home/shivam/git/Java Security/crypt/EMBEDDED"/>
    <property name="file.separator" value="/"/>
    <property name="java.vendor.url.bug" value="http://bugreport.sun.com/bugreport/"/>
    <property name="sun.cpu.endian" value="little"/>
    <property name="sun.io.unicode.encoding" value="UnicodeLittle"/>
    <property name="sun.desktop" value="gnome"/>
    <property name="sun.cpu.isalist" value=""/>
  </properties>
  <testcase classname="org.security.crypt.asymmetric.AsymmetricAlgorithmTest" name="testAsymmetricAlgorithm" time="0.022"/>
  <testcase classname="org.security.crypt.asymmetric.AsymmetricAlgorithmTest" name="testAsymmetricAlgorithm" time="0.02"/>
  <testcase classname="org.security.crypt.asymmetric.AsymmetricAlgorithmTest" name="testClone" time="0.025"/>
  <testcase classname="org.security.crypt.asymmetric.AsymmetricCliTest" name="testAsymmetricCli" time="0.265"/>
  <testcase classname="org.security.crypt.asymmetric.AsymmetricCliTest" name="testAsymmetricCli" time="0.989"/>
  <testcase classname="org.security.crypt.asymmetric.AsymmetricCliTest" name="testAsymmetricCli" time="2.524"/>
  <testcase classname="org.security.crypt.x509.types.AttributeTypeAndValueTest" name="testToString" time="0.001"/>
  <testcase classname="org.security.crypt.x509.types.AttributeTypeAndValueTest" name="testToString" time="0"/>
  <testcase classname="org.security.crypt.x509.types.AttributeTypeAndValueTest" name="testToString" time="0"/>
  <testcase classname="org.security.crypt.io.Base64FilterInputStreamTest" name="testDecodeBase64" time="0.138"/>
  <testcase classname="org.security.crypt.io.Base64FilterInputStreamTest" name="testDecodeBase64" time="0.062"/>
  <testcase classname="org.security.crypt.io.Base64FilterInputStreamTest" name="testDecodeBase64" time="0.037"/>
  <testcase classname="org.security.crypt.io.Base64FilterOutputStreamTest" name="testEncodeBase64" time="0.07"/>
  <testcase classname="org.security.crypt.io.Base64FilterOutputStreamTest" name="testEncodeBase64" time="0.093"/>
  <testcase classname="org.security.crypt.io.Base64FilterOutputStreamTest" name="testEncodeBase64" time="0.03"/>
  <testcase classname="org.security.crypt.util.ConverterTest" name="testConvert" time="0.001"/>
  <testcase classname="org.security.crypt.util.ConverterTest" name="testConvert" time="0.003"/>
  <testcase classname="org.security.crypt.util.ConverterTest" name="testConvert" time="0"/>
  <testcase classname="org.security.crypt.x509.DNUtilsTest" name="testGetAttributeValue" time="0.026"/>
  <testcase classname="org.security.crypt.x509.DNUtilsTest" name="testGetAttributeValue" time="0.009"/>
  <testcase classname="org.security.crypt.x509.DNUtilsTest" name="testGetAttributeValue" time="0.003"/>
  <testcase classname="org.security.crypt.x509.DNUtilsTest" name="testGetAttributeValues" time="0.002"/>
  <testcase classname="org.security.crypt.x509.DNUtilsTest" name="testGetAttributeValues" time="0.003"/>
  <testcase classname="org.security.crypt.x509.DNUtilsTest" name="testGetAttributeValues" time="0.003"/>
  <testcase classname="org.security.crypt.digest.DigestAlgorithmTest" name="testClone" time="0.006">
    <skipped/>
  </testcase>
  <testcase classname="org.security.crypt.digest.DigestAlgorithmTest" name="testDigest" time="0.001"/>
  <testcase classname="org.security.crypt.digest.DigestAlgorithmTest" name="testDigest" time="0.003"/>
  <testcase classname="org.security.crypt.digest.DigestAlgorithmTest" name="testDigest" time="0"/>
  <testcase classname="org.security.crypt.digest.DigestAlgorithmTest" name="testDigest" time="0.002"/>
  <testcase classname="org.security.crypt.digest.DigestAlgorithmTest" name="testDigest" time="0"/>
  <testcase classname="org.security.crypt.digest.DigestAlgorithmTest" name="testDigest" time="0"/>
  <testcase classname="org.security.crypt.digest.DigestAlgorithmTest" name="testDigest" time="0"/>
  <testcase classname="org.security.crypt.digest.DigestAlgorithmTest" name="testDigest" time="0.001"/>
  <testcase classname="org.security.crypt.digest.DigestAlgorithmTest" name="testDigest" time="0.001"/>
  <testcase classname="org.security.crypt.digest.DigestAlgorithmTest" name="testDigest" time="0.001"/>
  <testcase classname="org.security.crypt.digest.DigestAlgorithmTest" name="testDigest" time="0.001"/>
  <testcase classname="org.security.crypt.digest.DigestAlgorithmTest" name="testDigest" time="0.001"/>
  <testcase classname="org.security.crypt.digest.DigestAlgorithmTest" name="testDigest" time="0.001"/>
  <testcase classname="org.security.crypt.digest.DigestAlgorithmTest" name="testDigest" time="0.001"/>
  <testcase classname="org.security.crypt.digest.DigestAlgorithmTest" name="testDigest" time="0"/>
  <testcase classname="org.security.crypt.digest.DigestAlgorithmTest" name="testDigest" time="0.002"/>
  <testcase classname="org.security.crypt.digest.DigestAlgorithmTest" name="testDigest" time="0.001"/>
  <testcase classname="org.security.crypt.digest.DigestAlgorithmTest" name="testDigest" time="0.002"/>
  <testcase classname="org.security.crypt.digest.DigestAlgorithmTest" name="testDigest" time="0.001"/>
  <testcase classname="org.security.crypt.digest.DigestAlgorithmTest" name="testDigest" time="0.001"/>
  <testcase classname="org.security.crypt.digest.DigestAlgorithmTest" name="testDigest" time="0.001"/>
  <testcase classname="org.security.crypt.digest.DigestAlgorithmTest" name="testDigest" time="0.001"/>
  <testcase classname="org.security.crypt.digest.DigestAlgorithmTest" name="testDigest" time="0"/>
  <testcase classname="org.security.crypt.digest.DigestAlgorithmTest" name="testDigest" time="0.001"/>
  <testcase classname="org.security.crypt.digest.DigestAlgorithmTest" name="testDigest" time="0.003"/>
  <testcase classname="org.security.crypt.digest.DigestAlgorithmTest" name="testDigest" time="0.004"/>
  <testcase classname="org.security.crypt.digest.DigestAlgorithmTest" name="testDigestConvert" time="0.001"/>
  <testcase classname="org.security.crypt.digest.DigestAlgorithmTest" name="testDigestConvert" time="0.001"/>
  <testcase classname="org.security.crypt.digest.DigestAlgorithmTest" name="testDigestConvert" time="0.001"/>
  <testcase classname="org.security.crypt.digest.DigestAlgorithmTest" name="testDigestConvert" time="0.001"/>
  <testcase classname="org.security.crypt.digest.DigestAlgorithmTest" name="testDigestStream" time="0.017"/>
  <testcase classname="org.security.crypt.digest.DigestAlgorithmTest" name="testDigestStream" time="0.017"/>
  <testcase classname="org.security.crypt.digest.DigestAlgorithmTest" name="testDigestStream" time="0.073"/>
  <testcase classname="org.security.crypt.digest.DigestAlgorithmTest" name="testDigestStream" time="0.061"/>
  <testcase classname="org.security.crypt.digest.DigestAlgorithmTest" name="testHashCalculationAgainstReference" time="0.001"/>
  <testcase classname="org.security.crypt.digest.DigestAlgorithmTest" name="testHashCalculationAgainstReference" time="0.001"/>
  <testcase classname="org.security.crypt.digest.DigestCliTest" name="testDigestCli" time="0.002"/>
  <testcase classname="org.security.crypt.digest.DigestCliTest" name="testDigestCli" time="0.001"/>
  <testcase classname="org.security.crypt.digest.DigestCliTest" name="testDigestCli" time="0.003"/>
  <testcase classname="org.security.crypt.digest.DigestCliTest" name="testDigestCli" time="0.001"/>
  <testcase classname="org.security.crypt.digest.DigestCliTest" name="testDigestCli" time="0.001"/>
  <testcase classname="org.security.crypt.digest.DigestCliTest" name="testDigestCli" time="0.001"/>
  <testcase classname="org.security.crypt.digest.DigestCliTest" name="testDigestCli" time="0"/>
  <testcase classname="org.security.crypt.digest.DigestCliTest" name="testDigestCli" time="0.001"/>
  <testcase classname="org.security.crypt.digest.DigestCliTest" name="testDigestCli" time="0"/>
  <testcase classname="org.security.crypt.digest.DigestCliTest" name="testDigestCli" time="0.001"/>
  <testcase classname="org.security.crypt.digest.DigestCliTest" name="testDigestCli" time="0.001"/>
  <testcase classname="org.security.crypt.digest.DigestCliTest" name="testDigestCli" time="0.001"/>
  <testcase classname="org.security.crypt.digest.DigestCliTest" name="testDigestCli" time="0.001"/>
  <testcase classname="org.security.crypt.digest.DigestCliTest" name="testDigestCli" time="0"/>
  <testcase classname="org.security.crypt.digest.DigestCliTest" name="testDigestCli" time="0.001"/>
  <testcase classname="org.security.crypt.digest.DigestCliTest" name="testDigestCli" time="0.001"/>
  <testcase classname="org.security.crypt.digest.DigestCliTest" name="testDigestCli" time="0.001"/>
  <testcase classname="org.security.crypt.x509.ExtensionReaderTest" name="testReadAll" time="0.011"/>
  <testcase classname="org.security.crypt.x509.ExtensionReaderTest" name="testReadAll" time="0.001"/>
  <testcase classname="org.security.crypt.x509.ExtensionReaderTest" name="testReadAll" time="0.013"/>
  <testcase classname="org.security.crypt.io.HexFilterInputStreamTest" name="testDecodeHex" time="0.089"/>
  <testcase classname="org.security.crypt.io.HexFilterOutputStreamTest" name="testEncodeHex" time="0.071"/>
  <testcase classname="org.security.crypt.x509.LDAPv3DNFormatterTest" name="testFormat" time="0.003"/>
  <testcase classname="org.security.crypt.x509.LDAPv3DNFormatterTest" name="testFormat" time="0.007"/>
  <testcase classname="org.security.crypt.asymmetric.PublicKeyUtilsTest" name="testIsKeyPair" time="0.005"/>
  <testcase classname="org.security.crypt.asymmetric.PublicKeyUtilsTest" name="testIsKeyPair" time="0.036"/>
  <testcase classname="org.security.crypt.asymmetric.PublicKeyUtilsTest" name="testIsKeyPair" time="0.008"/>
  <testcase classname="org.security.crypt.asymmetric.PublicKeyUtilsTest" name="testIsKeyPair" time="0"/>
  <testcase classname="org.security.crypt.asymmetric.PublicKeyUtilsTest" name="testLength" time="0.001"/>
  <testcase classname="org.security.crypt.asymmetric.PublicKeyUtilsTest" name="testLength" time="0"/>
  <testcase classname="org.security.crypt.asymmetric.PublicKeyUtilsTest" name="testLength" time="0"/>
  <testcase classname="org.security.crypt.x509.RDNSequenceIteratorTest" name="testIterator" time="0.002"/>
  <testcase classname="org.security.crypt.x509.types.RelativeDistinguishedNameTest" name="testToString" time="0"/>
  <testcase classname="org.security.crypt.x509.types.RelativeDistinguishedNameTest" name="testToString" time="0"/>
  <testcase classname="org.security.crypt.signature.SignatureAlgorithmTest" name="testClone" time="0.085">
    <skipped/>
  </testcase>
  <testcase classname="org.security.crypt.signature.SignatureAlgorithmTest" name="testRandomizedSignVerify" time="0.002"/>
  <testcase classname="org.security.crypt.signature.SignatureAlgorithmTest" name="testRandomizedSignVerify" time="0.001"/>
  <testcase classname="org.security.crypt.signature.SignatureAlgorithmTest" name="testRandomizedSignVerify" time="0.002"/>
  <testcase classname="org.security.crypt.signature.SignatureAlgorithmTest" name="testRandomizedSignVerify" time="0.002"/>
  <testcase classname="org.security.crypt.signature.SignatureAlgorithmTest" name="testRandomizedSignVerify" time="0.005"/>
  <testcase classname="org.security.crypt.signature.SignatureAlgorithmTest" name="testRandomizedSignVerify" time="0.001"/>
  <testcase classname="org.security.crypt.signature.SignatureAlgorithmTest" name="testRandomizedSignVerify" time="0.005"/>
  <testcase classname="org.security.crypt.signature.SignatureAlgorithmTest" name="testRandomizedSignVerify" time="0.005"/>
  <testcase classname="org.security.crypt.signature.SignatureAlgorithmTest" name="testRandomizedSignVerify" time="0.023"/>
  <testcase classname="org.security.crypt.signature.SignatureAlgorithmTest" name="testRandomizedSignVerify" time="0.06"/>
  <testcase classname="org.security.crypt.signature.SignatureAlgorithmTest" name="testSignVerify" time="0.003"/>
  <testcase classname="org.security.crypt.signature.SignatureAlgorithmTest" name="testSignVerify" time="0.001"/>
  <testcase classname="org.security.crypt.signature.SignatureAlgorithmTest" name="testSignVerify" time="0.003"/>
  <testcase classname="org.security.crypt.signature.SignatureAlgorithmTest" name="testSignVerify" time="0.003"/>
  <testcase classname="org.security.crypt.signature.SignatureAlgorithmTest" name="testSignVerify" time="0.005"/>
  <testcase classname="org.security.crypt.signature.SignatureAlgorithmTest" name="testSignVerify" time="0.001"/>
  <testcase classname="org.security.crypt.signature.SignatureAlgorithmTest" name="testSignVerify" time="0.004"/>
  <testcase classname="org.security.crypt.signature.SignatureAlgorithmTest" name="testSignVerify" time="0.005"/>
  <testcase classname="org.security.crypt.signature.SignatureAlgorithmTest" name="testSignVerify" time="0.026"/>
  <testcase classname="org.security.crypt.signature.SignatureAlgorithmTest" name="testSignVerify" time="0.061"/>
  <testcase classname="org.security.crypt.signature.SignatureAlgorithmTest" name="testSignVerifyOnStream" time="0.021"/>
  <testcase classname="org.security.crypt.signature.SignatureAlgorithmTest" name="testSignVerifyOnStream" time="0.02"/>
  <testcase classname="org.security.crypt.signature.SignatureAlgorithmTest" name="testSignVerifyOnStream" time="0.096"/>
  <testcase classname="org.security.crypt.signature.SignatureAlgorithmTest" name="testSignVerifyOnStream" time="0.045"/>
  <testcase classname="org.security.crypt.signature.SignatureAlgorithmTest" name="testSignVerifyOnStream" time="0.039"/>
  <testcase classname="org.security.crypt.signature.SignatureAlgorithmTest" name="testSignVerifyOnStream" time="0.026"/>
  <testcase classname="org.security.crypt.signature.SignatureAlgorithmTest" name="testSignVerifyOnStream" time="0.027"/>
  <testcase classname="org.security.crypt.signature.SignatureAlgorithmTest" name="testSignVerifyOnStream" time="0.287"/>
  <testcase classname="org.security.crypt.signature.SignatureAlgorithmTest" name="testSignVerifyOnStream" time="0.041"/>
  <testcase classname="org.security.crypt.signature.SignatureAlgorithmTest" name="testSignVerifyOnStream" time="0.122"/>
  <testcase classname="org.security.crypt.x509.X509UtilsTest" name="testFindEntityCertificate" time="0.071"/>
  <testcase classname="org.security.crypt.x509.X509UtilsTest" name="testFindEntityCertificate" time="0.066"/>
  <testcase classname="org.security.crypt.x509.X509UtilsTest" name="testGetSubjectNames" time="0.002"/>
  <testcase classname="org.security.crypt.x509.X509UtilsTest" name="testGetSubjectNames" time="0.002"/>
  <testcase classname="org.security.crypt.AppTest" name="testApp on testApp(org.security.crypt.AppTest)" time="0.316"/>
</testsuite>